<?xml version="1.0" encoding="UTF-8"?>
<testng-results ignored="3" total="5" passed="2" failed="0" skipped="0">
  <reporter-output>
  </reporter-output>
  <suite started-at="2025-06-28T16:49:52 EDT" name="Suite" finished-at="2025-06-28T16:50:39 EDT" duration-ms="47190">
    <groups>
      <group name="Purchase">
        <method signature="SubmitOrderTest.submitOrder(java.util.HashMap)[pri:0, instance:rahulshettyacademy.tests.SubmitOrderTest@7f0eb4b4]" name="submitOrder" class="rahulshettyacademy.tests.SubmitOrderTest"/>
      </group> <!-- Purchase -->
    </groups>
    <test started-at="2025-06-28T16:49:52 EDT" name="Error Validations Test" finished-at="2025-06-28T16:49:52 EDT" duration-ms="16">
    </test> <!-- Error Validations Test -->
    <test started-at="2025-06-28T16:49:52 EDT" name="Submit Order Test" finished-at="2025-06-28T16:50:39 EDT" duration-ms="47190">
      <class name="rahulshettyacademy.tests.SubmitOrderTest">
        <test-method is-config="true" signature="launchApplication()[pri:0, instance:rahulshettyacademy.tests.SubmitOrderTest@7f0eb4b4]" started-at="2025-06-28T16:49:52 EDT" name="launchApplication" finished-at="2025-06-28T16:49:59 EDT" duration-ms="6783" status="PASS">
          <reporter-output>
          </reporter-output>
        </test-method> <!-- launchApplication -->
        <test-method signature="submitOrder(java.util.HashMap)[pri:0, instance:rahulshettyacademy.tests.SubmitOrderTest@7f0eb4b4]" started-at="2025-06-28T16:49:59 EDT" name="submitOrder" data-provider="getData" finished-at="2025-06-28T16:50:16 EDT" duration-ms="16946" status="PASS">
          <params>
            <param index="0">
              <value>
                <![CDATA[{password=Welcome1, product=ZARA COAT 3, email=preity207@gmail.com}]]>
              </value>
            </param>
          </params>
          <reporter-output>
          </reporter-output>
        </test-method> <!-- submitOrder -->
        <test-method is-config="true" signature="teardown()[pri:0, instance:rahulshettyacademy.tests.SubmitOrderTest@7f0eb4b4]" started-at="2025-06-28T16:50:16 EDT" name="teardown" finished-at="2025-06-28T16:50:16 EDT" duration-ms="144" status="PASS">
          <reporter-output>
          </reporter-output>
        </test-method> <!-- teardown -->
        <test-method is-config="true" signature="launchApplication()[pri:0, instance:rahulshettyacademy.tests.SubmitOrderTest@7f0eb4b4]" started-at="2025-06-28T16:50:16 EDT" name="launchApplication" finished-at="2025-06-28T16:50:22 EDT" duration-ms="6126" status="PASS">
          <reporter-output>
          </reporter-output>
        </test-method> <!-- launchApplication -->
        <test-method signature="submitOrder(java.util.HashMap)[pri:0, instance:rahulshettyacademy.tests.SubmitOrderTest@7f0eb4b4]" started-at="2025-06-28T16:50:22 EDT" name="submitOrder" data-provider="getData" finished-at="2025-06-28T16:50:39 EDT" duration-ms="16641" status="PASS">
          <params>
            <param index="0">
              <value>
                <![CDATA[{password=Apples@1, product=ADIDAS ORIGINAL, email=arnav22@gmail.com}]]>
              </value>
            </param>
          </params>
          <reporter-output>
          </reporter-output>
        </test-method> <!-- submitOrder -->
        <test-method is-config="true" signature="teardown()[pri:0, instance:rahulshettyacademy.tests.SubmitOrderTest@7f0eb4b4]" started-at="2025-06-28T16:50:39 EDT" name="teardown" finished-at="2025-06-28T16:50:39 EDT" duration-ms="157" status="PASS">
          <reporter-output>
          </reporter-output>
        </test-method> <!-- teardown -->
      </class> <!-- rahulshettyacademy.tests.SubmitOrderTest -->
    </test> <!-- Submit Order Test -->
  </suite> <!-- Suite -->
</testng-results>
