<?xml version="1.0" encoding="UTF-8"?>
<!-- Generated by org.testng.reporters.JUnitXMLReporter -->
<testsuite ignored="2" hostname="PreethiArnav" failures="0" tests="0" time="0.016" errors="0" timestamp="2025-06-28T16:49:52 EDT">
  <testcase classname="rahulshettyacademy.tests.ErrorValidationsTest" name="LoginErrorValidations" time="0.0">
    <ignored/>
  </testcase> <!-- LoginErrorValidations -->
  <testcase classname="rahulshettyacademy.tests.ErrorValidationsTest" name="ProductsErrorValidations" time="0.0">
    <ignored/>
  </testcase> <!-- ProductsErrorValidations -->
</testsuite>
