<?xml version="1.0" encoding="UTF-8"?>
<!-- Generated by org.testng.reporters.JUnitXMLReporter -->
<testsuite ignored="2" hostname="PreethiArnav" failures="0" tests="0" time="0.011" errors="0" timestamp="2025-06-20T15:55:21 EDT">
  <testcase classname="rahulshettyacademy.tests.ErrorValidationsTest" name="ProductsErrorValidations" time="0.0">
    <ignored/>
  </testcase> <!-- ProductsErrorValidations -->
  <testcase classname="rahulshettyacademy.tests.ErrorValidationsTest" name="LoginErrorValidations" time="0.0">
    <ignored/>
  </testcase> <!-- LoginErrorValidations -->
</testsuite>
