<?xml version="1.0" encoding="UTF-8"?>
<!-- Generated by org.testng.reporters.JUnitXMLReporter -->
<testsuite ignored="0" hostname="PreethiArnav" failures="0" tests="2" name="Error Validations Test" time="38.257" errors="0" timestamp="2025-06-23T22:28:11 EDT">
  <testcase classname="rahulshettyacademy.tests.ErrorValidationsTest" name="LoginErrorValidations" time="1.177"/>
  <testcase classname="rahulshettyacademy.tests.ErrorValidationsTest" name="ProductsErrorValidations" time="24.885"/>
</testsuite> <!-- Error Validations Test -->
